2017-10-26 13:11:13 INFO (MainThread) [homeassistant.components.binary_sensor] Setting up binary_sensor.ping
2017-10-26 13:11:13 INFO (MainThread) [homeassistant.components.sensor] Setting up sensor.template
2017-10-26 13:11:13 INFO (MainThread) [homeassistant.components.sensor] Setting up sensor.rest
2017-10-26 13:11:13 INFO (MainThread) [homeassistant.components.sensor] Setting up sensor.wunderground
2017-10-26 13:11:13 INFO (MainThread) [homeassistant.components.sensor] Setting up sensor.template
2017-10-26 13:11:13 INFO (MainThread) [homeassistant.components.sensor] Setting up sensor.rest
2017-10-26 13:11:13 INFO (MainThread) [homeassistant.components.sensor] Setting up sensor.wunderground
2017-10-26 13:11:13 INFO (MainThread) [homeassistant.components.sensor] Setting up sensor.template
2017-10-26 13:11:13 INFO (MainThread) [homeassistant.components.sensor] Setting up sensor.template
2017-10-26 13:11:13 INFO (MainThread) [homeassistant.components.sensor] Setting up sensor.template
2017-10-26 13:11:13 INFO (MainThread) [homeassistant.components.sensor] Setting up sensor.rest
2017-10-26 13:11:13 INFO (MainThread) [homeassistant.components.sensor] Setting up sensor.template
2017-10-26 13:11:13 INFO (MainThread) [homeassistant.components.sensor] Setting up sensor.template
2017-10-26 13:11:13 INFO (MainThread) [homeassistant.components.sensor] Setting up sensor.rest
2017-10-26 13:11:13 INFO (MainThread) [homeassistant.components.sensor] Setting up sensor.template
2017-10-26 13:11:13 INFO (MainThread) [homeassistant.components.sensor] Setting up sensor.rest
2017-10-26 13:11:13 INFO (MainThread) [homeassistant.components.binary_sensor] Setting up binary_sensor.mqtt
2017-10-26 13:11:13 INFO (MainThread) [homeassistant.components.binary_sensor] Setting up binary_sensor.mqtt
2017-10-26 13:11:13 INFO (MainThread) [homeassistant.components.binary_sensor] Setting up binary_sensor.mqtt
2017-10-26 13:11:13 INFO (MainThread) [homeassistant.components.binary_sensor] Setting up binary_sensor.mqtt
2017-10-26 13:11:13 INFO (MainThread) [homeassistant.components.binary_sensor] Setting up binary_sensor.mqtt
2017-10-26 13:11:13 INFO (MainThread) [homeassistant.components.binary_sensor] Setting up binary_sensor.mqtt
2017-10-26 13:11:13 INFO (MainThread) [homeassistant.components.binary_sensor] Setting up binary_sensor.mqtt
2017-10-26 13:11:13 INFO (MainThread) [homeassistant.components.binary_sensor] Setting up binary_sensor.mqtt
2017-10-26 13:11:13 INFO (MainThread) [homeassistant.components.binary_sensor] Setting up binary_sensor.mqtt
2017-10-26 13:11:13 INFO (MainThread) [homeassistant.components.binary_sensor] Setting up binary_sensor.mqtt
2017-10-26 13:11:13 INFO (MainThread) [homeassistant.components.binary_sensor] Setting up binary_sensor.mqtt
2017-10-26 13:11:13 INFO (MainThread) [homeassistant.components.binary_sensor] Setting up binary_sensor.mqtt
2017-10-26 13:11:13 INFO (MainThread) [homeassistant.components.binary_sensor] Setting up binary_sensor.mqtt
2017-10-26 13:11:13 INFO (MainThread) [homeassistant.components.sensor] Setting up sensor.mqtt
2017-10-26 13:11:13 INFO (MainThread) [homeassistant.components.switch] Setting up switch.template
2017-10-26 13:11:13 INFO (MainThread) [homeassistant.components.light] Setting up light.mqtt
2017-10-26 13:11:13 INFO (MainThread) [homeassistant.components.light] Setting up light.mqtt
2017-10-26 13:11:13 INFO (MainThread) [homeassistant.components.light] Setting up light.mqtt
2017-10-26 13:11:13 INFO (MainThread) [homeassistant.components.light] Setting up light.mqtt
2017-10-26 13:11:13 INFO (MainThread) [homeassistant.components.light] Setting up light.mqtt
2017-10-26 13:11:13 INFO (MainThread) [homeassistant.components.light] Setting up light.mqtt
2017-10-26 13:11:13 INFO (MainThread) [homeassistant.components.light] Setting up light.mqtt
2017-10-26 13:11:13 INFO (MainThread) [homeassistant.components.light] Setting up light.mqtt
2017-10-26 13:11:13 INFO (MainThread) [homeassistant.components.switch] Setting up switch.mqtt
2017-10-26 13:11:13 INFO (MainThread) [homeassistant.components.switch] Setting up switch.mqtt
2017-10-26 13:11:13 INFO (MainThread) [homeassistant.components.switch] Setting up switch.mqtt
2017-10-26 13:11:13 INFO (MainThread) [homeassistant.components.switch] Setting up switch.mqtt
2017-10-26 13:11:13 INFO (MainThread) [homeassistant.components.switch] Setting up switch.mqtt
2017-10-26 13:11:13 INFO (MainThread) [homeassistant.components.switch] Setting up switch.mqtt
2017-10-26 13:11:13 INFO (MainThread) [homeassistant.components.switch] Setting up switch.mqtt
2017-10-26 13:11:13 INFO (MainThread) [homeassistant.components.calendar] Setting up calendar.google
2017-10-26 13:11:13 INFO (MainThread) [homeassistant.components.calendar] Setting up calendar.google
2017-10-26 13:11:13 INFO (MainThread) [homeassistant.components.calendar] Setting up calendar.google
2017-10-26 13:11:14 INFO (MainThread) [homeassistant.components.telegram_bot] Setting up telegram_bot.polling
2017-10-26 13:11:14 INFO (MainThread) [homeassistant.components.sensor] Setting up sensor.yr
2017-10-26 13:11:14 INFO (MainThread) [homeassistant.components.notify] Setting up notify.telegram
2017-10-26 13:11:14 INFO (MainThread) [homeassistant.components.sensor] Setting up sensor.darksky
2017-10-26 13:11:14 INFO (MainThread) [homeassistant.components.notify] Setting up notify.kodi
2017-10-26 13:11:14 INFO (MainThread) [homeassistant.components.media_player] Setting up media_player.kodi
2017-10-26 13:11:14 INFO (MainThread) [homeassistant.components.media_player] Setting up media_player.braviatv
2017-10-26 13:11:14 INFO (MainThread) [homeassistant.components.media_player] Setting up media_player.kodi
2017-10-26 13:11:14 INFO (MainThread) [homeassistant.components.media_player.kodi] Unable to fetch kodi data
2017-10-26 13:11:14 INFO (MainThread) [homeassistant.components.media_player] Setting up media_player.plex
2017-10-26 13:11:14 INFO (Thread-5) [homeassistant.components.media_player.plex] Discovery configuration done (no token needed)
2017-10-26 13:11:14 INFO (Thread-5) [homeassistant.components.media_player.plex] Connected to: http://192.168.13.3:32400
2017-10-26 13:11:14 INFO (MainThread) [homeassistant.components.media_player] Setting up media_player.cast
2017-10-26 13:11:24 INFO (MainThread) [homeassistant.components.automation] Initialized trigger Fish Tank Lights On
2017-10-26 13:11:24 INFO (MainThread) [homeassistant.components.automation] Initialized trigger ChargedBattery
2017-10-26 13:11:24 INFO (MainThread) [homeassistant.components.automation] Initialized trigger modem
2017-10-26 13:11:24 INFO (MainThread) [homeassistant.components.automation] Initialized trigger Fish Tank Lights Off
2017-10-26 13:11:24 INFO (MainThread) [homeassistant.components.automation] Initialized trigger Update notifications
2017-10-26 13:11:24 INFO (MainThread) [homeassistant.components.automation] Initialized trigger Check if user is at home and notify
2017-10-26 15:00:00 INFO (MainThread) [homeassistant.components.automation] Executing Fish Tank Lights On
2017-10-26 16:51:58 INFO (MainThread) [homeassistant.components.automation] Executing modem
